2020-03-04 06:07:43,820 - information - INFO - Bot started
2020-03-04 06:08:43,162 - information - INFO - Bot started
2020-03-04 06:12:40,449 - information - INFO - Bot started
2020-03-04 06:12:49,570 - information - INFO - Bot started
2020-03-04 06:12:58,889 - information - INFO - User {'id': 544889237, 'is_bot': False, 'first_name': 'Andrey', 'username': 'antisocialhacker', 'last_name': None, 'language_code': 'ru'} sent /start
2020-03-04 06:14:24,231 - information - INFO - Bot started
2020-03-04 06:14:26,755 - information - INFO - User antisocialhacker sent /start
2020-03-04 06:14:31,604 - information - INFO - User antisocialhacker sent /start
2020-03-04 06:14:41,206 - information - INFO - Bot started
2020-03-04 06:14:52,667 - information - INFO - Bot started
2020-03-04 06:14:56,034 - information - INFO - User antisocialhacker sent /start
2020-03-04 06:15:03,677 - information - INFO - Bot started
2020-03-04 06:15:07,332 - information - INFO - User antisocialhacker sent /start
2020-03-06 01:41:37,533 - information - INFO - Bot started
2020-03-06 01:41:39,612 - information - INFO - User antisocialhacker sent /start
2020-03-06 01:41:47,470 - information - INFO - User antisocialhacker sent /start
2020-03-06 01:50:05,674 - information - INFO - Bot started
2020-03-06 01:50:25,445 - information - INFO - User antisocialhacker sent /start
2020-03-06 01:51:48,769 - information - INFO - Bot started
2020-03-06 01:52:04,785 - information - INFO - User antisocialhacker sent /start
2020-03-06 01:53:57,385 - information - INFO - Bot started
2020-03-06 01:54:41,718 - information - INFO - Bot started
2020-03-06 01:56:36,263 - information - INFO - Bot started
2020-03-06 01:56:39,128 - information - INFO - User antisocialhacker sent 123
2020-03-06 01:56:39,128 - information - INFO - User {message.from_user.username} have found nothing
2020-03-06 01:56:41,644 - information - INFO - User antisocialhacker sent /start
2020-03-06 02:10:35,910 - information - INFO - Bot started
2020-03-06 02:10:44,289 - information - INFO - User antisocialhacker sent /start
2020-03-06 02:10:44,692 - information - INFO - User {message.from_user.username} have found nothing
2020-03-06 02:10:48,150 - information - INFO - User antisocialhacker sent /help
2020-03-06 02:10:50,437 - information - INFO - User antisocialhacker sent /help
2020-03-06 02:10:52,713 - information - INFO - User antisocialhacker sent /start
2020-03-06 02:10:52,849 - information - INFO - User {message.from_user.username} have found nothing
2020-03-06 02:10:59,937 - information - INFO - Bot started
2020-03-06 02:11:12,622 - information - INFO - Bot started
2020-03-06 02:11:15,758 - information - INFO - User antisocialhacker sent /help
2020-03-06 02:19:28,608 - information - INFO - Bot started
2020-03-06 02:19:58,917 - information - INFO - User antisocialhacker sent /help
2020-03-06 02:21:05,643 - information - INFO - Bot started
2020-03-06 02:21:10,552 - information - INFO - User antisocialhacker sent /help
2020-03-06 02:21:13,685 - information - INFO - User antisocialhacker sent /start
2020-03-06 02:33:13,034 - information - INFO - Bot started
2020-03-06 02:33:17,825 - information - INFO - User antisocialhacker sent /start
2020-03-06 02:33:57,699 - information - INFO - Bot started
2020-03-06 02:34:00,886 - information - INFO - User antisocialhacker sent /start
2020-03-06 02:36:59,030 - information - INFO - Bot started
2020-03-06 02:37:02,143 - information - INFO - User antisocialhacker sent /start
2020-03-06 02:37:11,192 - information - INFO - Bot started
2020-03-06 02:37:23,445 - information - INFO - User antisocialhacker sent /start
2020-03-06 02:37:35,406 - information - INFO - Bot started
2020-03-06 02:37:39,432 - information - INFO - User antisocialhacker sent /start
2020-03-06 02:37:53,952 - information - INFO - Bot started
2020-03-06 02:37:56,954 - information - INFO - User antisocialhacker sent /start\
2020-03-06 02:37:56,954 - information - INFO - User {message.from_user.username} have found nothing
2020-03-06 02:37:58,977 - information - INFO - User antisocialhacker sent /help
2020-03-06 02:38:00,587 - information - INFO - User antisocialhacker sent /start
2020-03-06 02:38:41,668 - information - INFO - Bot started
2020-03-06 02:38:52,235 - information - INFO - User antisocialhacker sent /start
2020-03-06 02:39:06,635 - information - INFO - Bot started
2020-03-06 02:39:09,487 - information - INFO - User antisocialhacker sent /staret
2020-03-06 02:39:09,503 - information - INFO - User {message.from_user.username} have found nothing
2020-03-06 02:39:11,074 - information - INFO - User antisocialhacker sent /help
2020-03-06 02:39:12,663 - information - INFO - User antisocialhacker sent /start
2020-03-06 02:39:22,575 - information - INFO - Bot started
2020-03-06 02:40:04,687 - information - INFO - Bot started
2020-03-06 02:40:56,742 - information - INFO - Bot started
2020-03-06 02:42:09,398 - information - INFO - Bot started
2020-03-06 02:43:51,209 - information - INFO - Bot started
2020-03-06 02:43:55,807 - information - INFO - User antisocialhacker sent /start
2020-03-06 03:49:49,975 - information - INFO - Bot started
2020-03-06 03:49:50,321 - information - INFO - User antisocialhacker sent /start
2020-03-06 03:49:59,475 - information - INFO - Bot started
2020-03-06 03:50:05,940 - information - INFO - User antisocialhacker sent /sart
2020-03-06 03:50:05,940 - information - INFO - User {message.from_user.username} have found nothing
2020-03-06 03:50:07,869 - information - INFO - User antisocialhacker sent /start
2020-03-06 03:52:07,333 - information - INFO - Bot started
2020-03-06 03:52:11,353 - information - INFO - User antisocialhacker sent /start
2020-03-06 03:54:26,368 - information - INFO - Bot started
2020-03-06 03:54:31,703 - information - INFO - User antisocialhacker sent /start
2020-03-06 03:54:42,374 - information - INFO - Bot started
2020-03-06 03:54:43,855 - information - INFO - User antisocialhacker sent /start
2020-03-06 03:54:56,302 - information - INFO - Bot started
2020-03-06 03:54:57,957 - information - INFO - User antisocialhacker sent /start
2020-03-06 03:56:19,775 - information - INFO - Bot started
2020-03-06 03:56:21,173 - information - INFO - User antisocialhacker sent /start
2020-03-06 03:56:38,236 - information - INFO - Bot started
2020-03-06 03:56:39,565 - information - INFO - User antisocialhacker sent /start
2020-03-06 04:10:39,178 - information - INFO - Bot started
2020-03-06 04:10:47,297 - information - INFO - User antisocialhacker sent /start
2020-03-06 04:11:19,231 - information - INFO - Bot started
2020-03-06 04:11:38,343 - information - INFO - Bot started
2020-03-06 04:12:03,034 - information - INFO - Bot started
2020-03-06 04:15:45,406 - information - INFO - Bot started
2020-03-06 04:15:50,111 - information - INFO - User antisocialhacker sent /start
2020-03-06 04:16:05,049 - information - INFO - Bot started
2020-03-06 04:16:50,333 - information - INFO - Bot started
2020-03-06 04:17:19,981 - information - INFO - Bot started
2020-03-06 04:18:27,311 - information - INFO - Bot started
2020-03-06 04:18:32,153 - information - INFO - Button with '1' text pressed
2020-03-06 04:18:44,387 - information - INFO - Bot started
2020-03-06 04:18:50,282 - information - INFO - Button with '1' text pressed
2020-03-06 04:28:11,415 - information - INFO - Bot started
2020-03-06 04:28:15,795 - information - INFO - Button with '1' text pressed
2020-03-06 04:28:34,314 - information - INFO - Bot started
2020-03-06 04:28:36,174 - information - INFO - Button with '1' text pressed
2020-03-06 04:28:46,620 - information - INFO - Button with '1' text pressed
2020-03-06 04:29:07,843 - information - INFO - Bot started
2020-03-06 04:29:08,657 - information - INFO - Button with '1' text pressed
2020-03-06 04:32:40,630 - information - INFO - Bot started
2020-03-06 04:32:55,136 - information - INFO - Bot started
2020-03-06 04:33:10,562 - information - INFO - Bot started
2020-03-06 04:33:17,905 - information - INFO - User antisocialhacker sent /start
2020-03-06 04:33:19,962 - information - INFO - Button with '1' text pressed
2020-03-06 04:33:39,770 - information - INFO - Bot started
2020-03-06 04:33:41,178 - information - INFO - User antisocialhacker sent /start
2020-03-06 04:33:43,741 - information - INFO - Button with '1' text pressed
2020-03-06 04:36:08,329 - information - INFO - Bot started
2020-03-06 04:36:10,425 - information - INFO - Button with '1' text pressed
2020-03-06 04:36:32,668 - information - INFO - Bot started
2020-03-06 04:36:33,091 - information - INFO - Button with '1' text pressed
2020-03-06 04:40:08,090 - information - INFO - Bot started
2020-03-06 04:40:09,652 - information - INFO - Button with '1' text pressed
2020-03-06 04:40:12,006 - information - INFO - User antisocialhacker sent Answer site
2020-03-06 04:40:12,007 - information - INFO - User {message.from_user.username} have found nothing
2020-03-06 04:42:36,963 - information - INFO - Bot started
2020-03-06 04:42:39,568 - information - INFO - User antisocialhacker sent Answer site
2020-03-06 04:42:39,570 - information - INFO - User {message.from_user.username} have found nothing
2020-03-06 04:42:42,756 - information - INFO - User antisocialhacker sent /start
2020-03-06 04:42:45,135 - information - INFO - Button with '1' text pressed
2020-03-06 04:43:15,932 - information - INFO - Bot started
2020-03-06 04:43:18,702 - information - INFO - Button with '1' text pressed
2020-03-06 04:43:45,125 - information - INFO - Bot started
2020-03-06 04:43:48,080 - information - INFO - Button with '1' text pressed
2020-03-06 04:43:49,412 - information - INFO - Button with '1' text pressed
2020-03-06 04:43:51,989 - information - INFO - Button with '1' text pressed
2020-03-06 04:44:50,449 - information - INFO - Bot started
2020-03-06 04:44:51,427 - information - INFO - Button with '1' text pressed
2020-03-06 04:44:52,595 - information - INFO - Button with '1' text pressed
2020-03-06 04:45:01,293 - information - INFO - Bot started
2020-03-06 04:45:02,344 - information - INFO - Button with '1' text pressed
2020-03-06 04:45:16,439 - information - INFO - Bot started
2020-03-06 04:45:21,717 - information - INFO - User antisocialhacker sent /start
2020-03-06 04:45:23,075 - information - INFO - Button with '1' text pressed
2020-03-06 04:54:00,876 - information - INFO - User antisocialhacker sent Answer site
2020-03-06 04:54:00,876 - information - INFO - User {message.from_user.username} have found nothing
2020-03-06 04:55:40,058 - information - INFO - User antisocialhacker sent /help
2020-03-06 04:55:41,868 - information - INFO - User antisocialhacker sent /start
2020-03-06 04:55:43,223 - information - INFO - Button with '1' text pressed
2020-03-06 04:57:57,872 - information - INFO - User antisocialhacker sent /start
2020-03-06 04:57:59,067 - information - INFO - Button with '1' text pressed
2020-03-06 05:01:34,252 - information - INFO - Bot started
2020-03-06 05:01:40,141 - information - INFO - User antisocialhacker sent /start
2020-03-06 05:01:41,854 - information - INFO - Button with '1' text pressed
2020-03-06 05:15:02,272 - information - INFO - Bot started
2020-03-06 05:15:09,282 - information - INFO - Button with '1' text pressed
2020-03-06 05:15:23,290 - information - INFO - Bot started
2020-03-06 05:15:36,290 - information - INFO - Button with '1' text pressed
2020-03-06 05:15:43,348 - information - INFO - User antisocialhacker sent 1
2020-03-06 05:15:43,348 - information - INFO - User {message.from_user.username} have found nothing
2020-03-06 05:17:34,529 - information - INFO - Bot started
2020-03-06 05:17:48,745 - information - INFO - User antisocialhacker sent /start
2020-03-06 05:17:50,159 - information - INFO - Button with '1' text pressed
2020-03-06 05:19:42,077 - information - INFO - User antisocialhacker sent Answer site
2020-03-06 05:19:42,077 - information - INFO - User {message.from_user.username} have found nothing
2020-03-06 05:19:44,387 - information - INFO - User antisocialhacker sent /start
2020-03-06 05:19:46,026 - information - INFO - Button with '1' text pressed
2020-03-06 05:21:18,754 - information - INFO - Bot started
2020-03-06 05:21:22,246 - information - INFO - User antisocialhacker sent /start
2020-03-06 05:21:25,714 - information - INFO - Button with '1' text pressed
2020-03-06 05:22:15,772 - information - INFO - Bot started
2020-03-06 05:22:19,834 - information - INFO - User antisocialhacker sent /start
2020-03-06 05:22:22,229 - information - INFO - Button with '1' text pressed
2020-03-06 05:22:47,677 - information - INFO - Bot started
2020-03-06 05:22:52,920 - information - INFO - User antisocialhacker sent /start
2020-03-06 05:22:55,048 - information - INFO - Button with '1' text pressed
2020-03-06 05:24:44,224 - information - INFO - Bot started
2020-03-06 05:24:52,329 - information - INFO - User antisocialhacker sent /start
2020-03-06 05:24:56,510 - information - INFO - Button with '1' text pressed
2020-03-06 05:30:24,302 - information - INFO - Bot started
2020-03-06 05:30:30,366 - information - INFO - User antisocialhacker sent /start
2020-03-06 05:30:31,869 - information - INFO - Button with '1' text pressed
2020-03-06 05:30:46,447 - information - INFO - Bot started
2020-03-06 05:30:50,436 - information - INFO - Button with '1' text pressed
2020-03-06 05:33:03,169 - information - INFO - Bot started
2020-03-06 05:33:03,596 - information - INFO - User antisocialhacker sent /start
2020-03-06 05:33:07,125 - information - INFO - User antisocialhacker sent /start
2020-03-06 05:33:08,872 - information - INFO - Button with '1' text pressed
2020-03-06 05:41:50,697 - information - INFO - Bot started
2020-03-06 05:42:01,004 - information - INFO - User antisocialhacker sent /start
2020-03-06 05:42:02,578 - information - INFO - Button with '1' text pressed
2020-03-07 03:54:02,659 - information - INFO - Bot started
2020-03-07 03:54:03,567 - information - INFO - User antisocialhacker sent /start
2020-03-07 03:54:05,417 - information - INFO - Button with '1' text pressed
2020-03-07 05:40:44,555 - information - INFO - Bot started
2020-03-07 05:53:55,889 - information - INFO - Bot started
2020-03-07 06:30:52,536 - information - INFO - Bot started
2020-03-07 06:35:53,235 - information - INFO - Bot started
2020-03-07 06:36:53,626 - information - INFO - Bot started
2020-03-07 06:39:29,656 - information - INFO - Bot started
2020-03-07 06:39:47,933 - information - INFO - User antisocialhacker sent /start
2020-03-07 06:41:12,452 - information - INFO - Bot started
2020-03-07 06:41:26,640 - information - INFO - Bot started
2020-03-07 06:41:32,859 - information - INFO - User antisocialhacker sent /start
2020-03-07 06:41:56,497 - information - INFO - Bot started
2020-03-07 06:41:58,326 - information - INFO - User antisocialhacker sent /start
2020-03-07 06:42:06,965 - information - INFO - Bot started
2020-03-07 06:42:10,210 - information - INFO - User antisocialhacker sent /start
2020-03-07 06:42:21,441 - information - INFO - Bot started
2020-03-07 06:42:22,702 - information - INFO - User antisocialhacker sent /start
2020-03-07 06:43:15,072 - information - INFO - Bot started
2020-03-07 06:43:16,989 - information - INFO - User antisocialhacker sent /start
2020-03-07 06:45:24,414 - information - INFO - Bot started
2020-03-07 06:45:30,564 - information - INFO - User antisocialhacker sent /start
2020-03-07 06:50:04,713 - information - INFO - Bot started
2020-03-07 06:50:21,272 - information - INFO - Bot started
2020-03-07 06:50:23,855 - information - INFO - User antisocialhacker sent /start
2020-03-07 06:55:50,058 - information - INFO - Bot started
2020-03-07 06:55:53,707 - information - INFO - User antisocialhacker sent /sta
2020-03-07 06:55:53,707 - information - INFO - User {message.from_user.username} have found nothing
2020-03-07 06:55:55,538 - information - INFO - User antisocialhacker sent /help
2020-03-07 06:55:57,161 - information - INFO - User antisocialhacker sent /start
2020-03-07 06:56:22,737 - information - INFO - Bot started
2020-03-07 06:56:27,252 - information - INFO - User antisocialhacker sent /start
2020-03-07 07:05:29,531 - information - INFO - Bot started
2020-03-07 07:05:35,285 - information - INFO - User antisocialhacker sent /start
2020-03-07 07:06:12,777 - information - INFO - Bot started
2020-03-07 07:06:16,344 - information - INFO - User antisocialhacker sent /start
2020-03-07 07:07:16,126 - information - INFO - Bot started
2020-03-07 07:07:40,141 - information - INFO - Bot started
2020-03-07 07:07:43,376 - information - INFO - Bot started
2020-03-07 07:07:45,063 - information - INFO - User antisocialhacker sent /start
2020-03-07 07:08:25,598 - information - INFO - Bot started
2020-03-07 07:08:28,126 - information - INFO - User antisocialhacker sent /start
2020-03-07 07:09:08,409 - information - INFO - Bot started
2020-03-07 07:09:46,437 - information - INFO - Bot started
2020-03-07 07:10:02,203 - information - INFO - User antisocialhacker sent /start
2020-03-07 07:10:34,545 - information - INFO - Bot started
2020-03-07 07:11:12,356 - information - INFO - Bot started
2020-03-07 07:11:16,035 - information - INFO - User antisocialhacker sent /start
2020-03-07 07:11:42,549 - information - INFO - Bot started
2020-03-07 07:11:47,399 - information - INFO - User antisocialhacker sent /start
2020-03-07 07:12:00,812 - information - INFO - Bot started
2020-03-07 07:12:03,333 - information - INFO - User antisocialhacker sent /start
2020-03-07 07:12:39,643 - information - INFO - Bot started
2020-03-07 07:13:07,275 - information - INFO - Bot started
2020-03-07 07:13:22,421 - information - INFO - Bot started
2020-03-07 07:13:27,995 - information - INFO - User antisocialhacker sent /start
2020-03-07 07:17:06,341 - information - INFO - Bot started
2020-03-07 07:17:13,635 - information - INFO - User antisocialhacker sent /start
2020-03-07 07:17:41,066 - information - INFO - Bot started
2020-03-07 07:17:44,264 - information - INFO - User antisocialhacker sent /start
2020-03-07 07:20:43,534 - information - INFO - Bot started
2020-03-07 07:20:48,627 - information - INFO - User antisocialhacker sent /satrt
2020-03-07 07:20:48,627 - information - INFO - User {message.from_user.username} have found nothing
2020-03-07 07:20:50,902 - information - INFO - User antisocialhacker sent /help
2020-03-07 07:20:52,815 - information - INFO - User antisocialhacker sent /start
2020-03-07 07:21:27,891 - information - INFO - Bot started
2020-03-07 07:21:29,541 - information - INFO - User antisocialhacker sent /start
2020-03-07 07:22:50,288 - information - INFO - Bot started
2020-03-07 07:22:52,257 - information - INFO - User antisocialhacker sent /start
2020-03-07 07:22:56,439 - information - INFO - User antisocialhacker sent cook
2020-03-07 07:22:56,439 - information - INFO - User {message.from_user.username} have found nothing
2020-03-07 07:22:58,460 - information - INFO - User antisocialhacker sent /help
2020-03-07 07:23:00,474 - information - INFO - User antisocialhacker sent /start
2020-03-07 07:24:13,813 - information - INFO - Bot started
2020-03-07 07:24:16,100 - information - INFO - User antisocialhacker sent /start
2020-03-07 07:24:49,086 - information - INFO - Bot started
2020-03-07 07:24:53,326 - information - INFO - Bot started
2020-03-07 07:25:02,505 - information - INFO - Bot started
2020-03-07 07:25:06,168 - information - INFO - User antisocialhacker sent /start
2020-03-07 07:25:11,589 - information - INFO - User antisocialhacker sent /start
2020-03-07 07:26:05,079 - information - INFO - Bot started
2020-03-07 07:26:43,138 - information - INFO - User antisocialhacker sent /start
